2024-07-04T12:25:19.146Z - Fetching chains...
2024-07-04T12:25:19.545Z - Fetching data for chain: 8ball
2024-07-04T12:25:19.726Z - Fetched and saved data for chain: 8ball
2024-07-04T12:25:19.726Z - Fetching data for chain: acrechain
2024-07-04T12:25:19.873Z - Fetched and saved data for chain: acrechain
2024-07-04T12:25:19.873Z - Fetching data for chain: agoric
2024-07-04T12:25:20.020Z - Fetched and saved data for chain: agoric
2024-07-04T12:25:20.021Z - Fetching data for chain: aioz
2024-07-04T12:25:20.153Z - Fetched and saved data for chain: aioz
2024-07-04T12:25:20.153Z - Fetching data for chain: akash
2024-07-04T12:25:20.296Z - Fetched and saved data for chain: akash
2024-07-04T12:25:20.296Z - Fetching data for chain: akiro
2024-07-04T12:25:20.435Z - Fetched and saved data for chain: akiro
2024-07-04T12:25:20.435Z - Fetching data for chain: althea
2024-07-04T12:25:20.581Z - Fetched and saved data for chain: althea
2024-07-04T12:25:20.581Z - Fetching data for chain: andromeda
2024-07-04T12:25:20.724Z - Fetched and saved data for chain: andromeda
2024-07-04T12:25:20.724Z - Fetching data for chain: andromeda1
2024-07-04T12:25:20.866Z - Fetched and saved data for chain: andromeda1
2024-07-04T12:25:20.866Z - Fetching data for chain: archway
2024-07-04T12:25:21.014Z - Fetched and saved data for chain: archway
2024-07-04T12:25:21.014Z - Fetching data for chain: arkh
2024-07-04T12:25:21.180Z - Fetched and saved data for chain: arkh
2024-07-04T12:25:21.180Z - Fetching data for chain: assetmantle
2024-07-04T12:25:21.310Z - Fetched and saved data for chain: assetmantle
2024-07-04T12:25:21.310Z - Fetching data for chain: aura
2024-07-04T12:25:21.467Z - Fetched and saved data for chain: aura
2024-07-04T12:25:21.467Z - Fetching data for chain: aura1
2024-07-04T12:25:21.838Z - Fetched and saved data for chain: aura1
2024-07-04T12:25:21.838Z - Fetching data for chain: axelar
2024-07-04T12:25:21.962Z - Fetched and saved data for chain: axelar
2024-07-04T12:25:21.962Z - Fetching data for chain: bandchain
2024-07-04T12:25:22.325Z - Fetched and saved data for chain: bandchain
2024-07-04T12:25:22.325Z - Fetching data for chain: beezee
2024-07-04T12:25:22.735Z - Fetched and saved data for chain: beezee
2024-07-04T12:25:22.736Z - Fetching data for chain: berachain
2024-07-04T12:25:22.873Z - Failed to fetch data for chain: berachain
2024-07-04T12:25:22.873Z - Fetching data for chain: bitcanna
2024-07-04T12:25:23.079Z - Fetched and saved data for chain: bitcanna
2024-07-04T12:25:23.079Z - Fetching data for chain: bitsong
2024-07-04T12:25:23.486Z - Fetched and saved data for chain: bitsong
2024-07-04T12:25:23.487Z - Fetching data for chain: bluechip
2024-07-04T12:25:23.635Z - Error fetching data for chain bluechip: TypeError: Cannot read properties of undefined (reading 'rpc')
2024-07-04T12:25:23.635Z - Fetching data for chain: bluzelle
2024-07-04T12:25:24.047Z - Fetched and saved data for chain: bluzelle
2024-07-04T12:25:24.048Z - Fetching data for chain: bostrom
2024-07-04T12:25:24.405Z - Fetched and saved data for chain: bostrom
2024-07-04T12:25:24.405Z - Fetching data for chain: canto
2024-07-04T12:25:24.563Z - Fetched and saved data for chain: canto
2024-07-04T12:25:24.563Z - Fetching data for chain: carbon
2024-07-04T12:25:24.693Z - Fetched and saved data for chain: carbon
2024-07-04T12:25:24.693Z - Fetching data for chain: celestia
2024-07-04T12:25:24.834Z - Fetched and saved data for chain: celestia
2024-07-04T12:25:24.834Z - Fetching data for chain: cerberus
2024-07-04T12:25:24.966Z - Fetched and saved data for chain: cerberus
2024-07-04T12:25:24.966Z - Fetching data for chain: chain4energy
2024-07-04T12:25:25.116Z - Fetched and saved data for chain: chain4energy
2024-07-04T12:25:25.116Z - Fetching data for chain: cheqd
2024-07-04T12:25:25.238Z - Fetched and saved data for chain: cheqd
2024-07-04T12:25:25.239Z - Fetching data for chain: chihuahua
2024-07-04T12:25:25.371Z - Fetched and saved data for chain: chihuahua
2024-07-04T12:25:25.371Z - Fetching data for chain: chimba
2024-07-04T12:25:25.495Z - Fetched and saved data for chain: chimba
2024-07-04T12:25:25.495Z - Fetching data for chain: chronicnetwork
2024-07-04T12:25:25.618Z - Fetched and saved data for chain: chronicnetwork
2024-07-04T12:25:25.618Z - Fetching data for chain: cifer
2024-07-04T12:25:25.740Z - Fetched and saved data for chain: cifer
2024-07-04T12:25:25.740Z - Fetching data for chain: cifer1
2024-07-04T12:25:25.871Z - Fetched and saved data for chain: cifer1
2024-07-04T12:25:25.871Z - Fetching data for chain: comdex
2024-07-04T12:25:25.955Z - Fetched and saved data for chain: comdex
2024-07-04T12:25:25.955Z - Fetching data for chain: commercionetwork
2024-07-04T12:25:26.087Z - Fetched and saved data for chain: commercionetwork
2024-07-04T12:25:26.088Z - Fetching data for chain: composable
2024-07-04T12:25:26.226Z - Fetched and saved data for chain: composable
2024-07-04T12:25:26.226Z - Fetching data for chain: conscious
2024-07-04T12:25:26.360Z - Fetched and saved data for chain: conscious
2024-07-04T12:25:26.360Z - Fetching data for chain: coreum
2024-07-04T12:25:26.495Z - Fetched and saved data for chain: coreum
2024-07-04T12:25:26.495Z - Fetching data for chain: cosmoshub
2024-07-04T12:25:26.713Z - Fetched and saved data for chain: cosmoshub
2024-07-04T12:25:26.713Z - Fetching data for chain: coss
2024-07-04T12:25:26.846Z - Fetched and saved data for chain: coss
2024-07-04T12:25:26.847Z - Fetching data for chain: crescent
2024-07-04T12:25:26.984Z - Fetched and saved data for chain: crescent
2024-07-04T12:25:26.984Z - Fetching data for chain: cronos
2024-07-04T12:25:27.172Z - Fetched and saved data for chain: cronos
2024-07-04T12:25:27.172Z - Fetching data for chain: cryptoorgchain
2024-07-04T12:25:27.289Z - Fetched and saved data for chain: cryptoorgchain
2024-07-04T12:25:27.289Z - Fetching data for chain: cudos
2024-07-04T12:25:27.415Z - Fetched and saved data for chain: cudos
2024-07-04T12:25:27.415Z - Fetching data for chain: decentr
2024-07-04T12:25:27.539Z - Fetched and saved data for chain: decentr
2024-07-04T12:25:27.539Z - Fetching data for chain: desmos
2024-07-04T12:25:27.667Z - Fetched and saved data for chain: desmos
2024-07-04T12:25:27.667Z - Fetching data for chain: dhealth
2024-07-04T12:25:27.803Z - Fetched and saved data for chain: dhealth
2024-07-04T12:25:27.803Z - Fetching data for chain: dig
2024-07-04T12:25:27.939Z - Fetched and saved data for chain: dig
2024-07-04T12:25:27.939Z - Fetching data for chain: doravota
2024-07-04T12:25:28.073Z - Fetched and saved data for chain: doravota
2024-07-04T12:25:28.074Z - Fetching data for chain: dydx
2024-07-04T12:25:28.198Z - Fetched and saved data for chain: dydx
2024-07-04T12:25:28.198Z - Fetching data for chain: dymension
2024-07-04T12:25:28.335Z - Fetched and saved data for chain: dymension
2024-07-04T12:25:28.335Z - Fetching data for chain: dyson
2024-07-04T12:25:28.459Z - Fetched and saved data for chain: dyson
2024-07-04T12:25:28.459Z - Fetching data for chain: echelon
2024-07-04T12:25:28.623Z - Fetched and saved data for chain: echelon
2024-07-04T12:25:28.623Z - Fetching data for chain: emoney
2024-07-04T12:25:28.751Z - Fetched and saved data for chain: emoney
2024-07-04T12:25:28.752Z - Fetching data for chain: empowerchain
2024-07-04T12:25:28.893Z - Fetched and saved data for chain: empowerchain
2024-07-04T12:25:28.893Z - Fetching data for chain: ethos
2024-07-04T12:25:29.050Z - Fetched and saved data for chain: ethos
2024-07-04T12:25:29.051Z - Fetching data for chain: evmos
2024-07-04T12:25:29.183Z - Fetched and saved data for chain: evmos
2024-07-04T12:25:29.183Z - Fetching data for chain: fetchhub
2024-07-04T12:25:29.320Z - Fetched and saved data for chain: fetchhub
2024-07-04T12:25:29.320Z - Fetching data for chain: finschia
2024-07-04T12:25:29.447Z - Fetched and saved data for chain: finschia
2024-07-04T12:25:29.447Z - Fetching data for chain: firmachain
2024-07-04T12:25:29.563Z - Fetched and saved data for chain: firmachain
2024-07-04T12:25:29.563Z - Fetching data for chain: furya
2024-07-04T12:25:29.692Z - Fetched and saved data for chain: furya
2024-07-04T12:25:29.692Z - Fetching data for chain: fxcore
2024-07-04T12:25:29.811Z - Fetched and saved data for chain: fxcore
2024-07-04T12:25:29.811Z - Fetching data for chain: galactica
2024-07-04T12:25:29.893Z - Failed to fetch data for chain: galactica
2024-07-04T12:25:29.893Z - Fetching data for chain: galaxy
2024-07-04T12:25:30.057Z - Fetched and saved data for chain: galaxy
2024-07-04T12:25:30.057Z - Fetching data for chain: gateway
2024-07-04T12:25:30.201Z - Fetched and saved data for chain: gateway
2024-07-04T12:25:30.201Z - Fetching data for chain: genesisl1
2024-07-04T12:25:30.342Z - Fetched and saved data for chain: genesisl1
2024-07-04T12:25:30.342Z - Fetching data for chain: gitopia
2024-07-04T12:25:30.477Z - Fetched and saved data for chain: gitopia
2024-07-04T12:25:30.477Z - Fetching data for chain: govgen
2024-07-04T12:25:30.610Z - Fetched and saved data for chain: govgen
2024-07-04T12:25:30.610Z - Fetching data for chain: gravitybridge
2024-07-04T12:25:30.757Z - Fetched and saved data for chain: gravitybridge
2024-07-04T12:25:30.757Z - Fetching data for chain: hall
2024-07-04T12:25:30.886Z - Failed to fetch data for chain: hall
2024-07-04T12:25:30.886Z - Fetching data for chain: haqq
2024-07-04T12:25:31.013Z - Fetched and saved data for chain: haqq
2024-07-04T12:25:31.013Z - Fetching data for chain: heli
2024-07-04T12:25:31.136Z - Fetched and saved data for chain: heli
2024-07-04T12:25:31.136Z - Fetching data for chain: highbury
2024-07-04T12:25:31.255Z - Fetched and saved data for chain: highbury
2024-07-04T12:25:31.255Z - Fetching data for chain: humans
2024-07-04T12:25:31.381Z - Fetched and saved data for chain: humans
2024-07-04T12:25:31.381Z - Fetching data for chain: idep
2024-07-04T12:25:31.521Z - Fetched and saved data for chain: idep
2024-07-04T12:25:31.521Z - Fetching data for chain: impacthub
2024-07-04T12:25:31.653Z - Fetched and saved data for chain: impacthub
2024-07-04T12:25:31.653Z - Fetching data for chain: imversed
2024-07-04T12:25:31.773Z - Fetched and saved data for chain: imversed
2024-07-04T12:25:31.774Z - Fetching data for chain: initia
2024-07-04T12:25:31.910Z - Failed to fetch data for chain: initia
2024-07-04T12:25:31.910Z - Fetching data for chain: injective
2024-07-04T12:25:31.990Z - Fetched and saved data for chain: injective
2024-07-04T12:25:31.990Z - Fetching data for chain: irisnet
2024-07-04T12:25:32.076Z - Fetched and saved data for chain: irisnet
2024-07-04T12:25:32.076Z - Fetching data for chain: jackal
2024-07-04T12:25:32.187Z - Fetched and saved data for chain: jackal
2024-07-04T12:25:32.187Z - Fetching data for chain: joltify
2024-07-04T12:25:32.302Z - Fetched and saved data for chain: joltify
2024-07-04T12:25:32.302Z - Fetching data for chain: juno
2024-07-04T12:25:32.387Z - Fetched and saved data for chain: juno
2024-07-04T12:25:32.387Z - Fetching data for chain: kava
2024-07-04T12:25:32.472Z - Fetched and saved data for chain: kava
2024-07-04T12:25:32.472Z - Fetching data for chain: kichain
2024-07-04T12:25:32.598Z - Fetched and saved data for chain: kichain
2024-07-04T12:25:32.598Z - Fetching data for chain: konstellation
2024-07-04T12:25:32.721Z - Fetched and saved data for chain: konstellation
2024-07-04T12:25:32.721Z - Fetching data for chain: kujira
2024-07-04T12:25:32.838Z - Fetched and saved data for chain: kujira
2024-07-04T12:25:32.838Z - Fetching data for chain: kyve
2024-07-04T12:25:33.001Z - Fetched and saved data for chain: kyve
2024-07-04T12:25:33.001Z - Fetching data for chain: lambda
2024-07-04T12:25:33.137Z - Fetched and saved data for chain: lambda
2024-07-04T12:25:33.137Z - Fetching data for chain: lava
2024-07-04T12:25:33.279Z - Fetched and saved data for chain: lava
2024-07-04T12:25:33.279Z - Fetching data for chain: likecoin
2024-07-04T12:25:33.436Z - Fetched and saved data for chain: likecoin
2024-07-04T12:25:33.436Z - Fetching data for chain: logos
